=======================================================================
DATE: 2026-01-18 02:59:15
TO: k@gmail.com
SUBJECT: Notification d'absence - Système de Gestion
MESSAGE:
Notification d'absence
=====================

Cher(e) khaoula,

Vous avez été marqué(e) absent(e) pour la séance suivante :

Module : Base de données
Date et heure : 18/01/2026 02:59
Séance ID : SE696bbbdc134a8
Enseignant : u6966b377b822d

Cette absence a été enregistrée le : 18/01/2026 à 02:59:15

Cordialement,
Système de Gestion des Absences
=======================================================================

=======================================================================
DATE: 2026-01-18 03:02:25
TO: a@gamil.com
SUBJECT: Notification d'absence - Système de Gestion
MESSAGE:
Notification d'absence
=====================

Cher(e) amahd ,

Vous avez été marqué(e) absent(e) pour la séance suivante :

Module : Programmation Web
Date et heure : 18/01/2026 03:02
Séance ID : SE696c3e9786225
Enseignant : u696949c9b9eca

Cette absence a été enregistrée le : 18/01/2026 à 03:02:25

Cordialement,
Système de Gestion des Absences
=======================================================================

=======================================================================
DATE: 2026-01-18 03:08:00
TO: a@gamil.com
SUBJECT: Notification d'absence - Système de Gestion
MESSAGE:
Notification d'absence
=====================

Cher(e) amahd ,

Vous avez été marqué(e) absent(e) pour la séance suivante :

Module : Réseaux
Date et heure : 18/01/2026 03:08
Séance ID : SE696c407761049
Enseignant : u696949c9b9eca

Cette absence a été enregistrée le : 18/01/2026 à 03:08:00

Cordialement,
Système de Gestion des Absences
=======================================================================

=======================================================================
DATE: 2026-01-18 03:40:32
TO: a@gamil.com
SUBJECT: Notification d'absence - Système de Gestion
MESSAGE:
Notification d'absence
=====================

Cher(e) amahd ,

Vous avez été marqué(e) absent(e) pour la séance suivante :

Module : Mathématiques
Date et heure : 18/01/2026 03:40
Séance ID : SE696c45fb66893
Enseignant : u696949c9b9eca

Cette absence a été enregistrée le : 18/01/2026 à 03:40:32

Cordialement,
Système de Gestion des Absences
=======================================================================

=======================================================================
DATE: 2026-01-18 05:03:01
TO: isra@gmail.com
SUBJECT: Notification d'absence - Système de Gestion
MESSAGE:
Notification d'absence
=====================

Cher(e) isra,

Vous avez été marqué(e) absent(e) pour la séance suivante :

Module : Mathématiques
Date et heure : 18/01/2026 05:03
Séance ID : SE696c45fb66893
Enseignant : u696949c9b9eca

Cette absence a été enregistrée le : 18/01/2026 à 05:03:01

Cordialement,
Système de Gestion des Absences
=======================================================================

=======================================================================
DATE: 2026-01-18 05:06:47
TO: ff@gamil.com
SUBJECT: Notification d'absence - Système de Gestion
MESSAGE:
Notification d'absence
=====================

Cher(e) ff,

Vous avez été marqué(e) absent(e) pour la séance suivante :

Module : Mathématiques
Date et heure : 18/01/2026 05:06
Séance ID : SE696c45fb66893
Enseignant : u696949c9b9eca

Cette absence a été enregistrée le : 18/01/2026 à 05:06:47

Cordialement,
Système de Gestion des Absences
=======================================================================

=======================================================================
DATE: 2026-01-18 05:14:09
TO: a@gamil.com
SUBJECT: Notification d'absence - Système de Gestion
MESSAGE:
Notification d'absence
=====================

Cher(e) amahd ,

Vous avez été marqué(e) absent(e) pour la séance suivante :

Module : Réseaux
Date et heure : 18/01/2026 05:14
Séance ID : SE696c5e081f7dd
Enseignant : u696949c9b9eca

Cette absence a été enregistrée le : 18/01/2026 à 05:14:09

Cordialement,
Système de Gestion des Absences
=======================================================================

=======================================================================
DATE: 2026-01-18 05:25:55
TO: ff@gamil.com
SUBJECT: Notification d'absence - Système de Gestion
MESSAGE:
Notification d'absence
=====================

Cher(e) ff,

Vous avez été marqué(e) absent(e) pour la séance suivante :

Module : Réseaux
Date et heure : 18/01/2026 05:25
Séance ID : SE696c5e081f7dd
Enseignant : u696949c9b9eca

Cette absence a été enregistrée le : 18/01/2026 à 05:25:55

Cordialement,
Système de Gestion des Absences
=======================================================================

